<?xml version="1.0" encoding="UTF-8"?>
<!-- Generated by org.testng.reporters.JUnitXMLReporter -->
<testsuite ignored="0" hostname="DESKTOP-QOVJ3IM" failures="0" tests="10" name="Surefire test" time="16.942" errors="0" timestamp="2024-04-08T14:49:49 IST">
  <testcase classname="api.test.DataDriverTests" name="testPostUser" time="3.142"/>
  <testcase classname="api.test.DataDriverTests" name="testPostUser" time="1.202"/>
  <testcase classname="api.test.DataDriverTests" name="testPostUser" time="1.198"/>
  <testcase classname="api.test.DataDriverTests" name="testdeleteUserByUSerNames" time="1.212"/>
  <testcase classname="api.test.DataDriverTests" name="testdeleteUserByUSerNames" time="1.173"/>
  <testcase classname="api.test.DataDriverTests" name="testdeleteUserByUSerNames" time="1.153"/>
  <testcase classname="api.test.UserTests" name="testPostUser" time="1.171"/>
  <testcase classname="api.test.UserTests" name="testGetUserByUsername" time="1.169"/>
  <testcase classname="api.test.UserTests" name="testPutUserByUsername" time="2.321"/>
  <testcase classname="api.test.UserTests" name="testDeletetUserByUsername" time="1.2"/>
</testsuite> <!-- Surefire test -->
