<?xml version="1.0" encoding="UTF-8"?>
<!-- Generated by org.testng.reporters.JUnitXMLReporter -->
<testsuite ignored="0" hostname="DESKTOP-QOVJ3IM" failures="0" tests="6" name="Default test" time="10.619" errors="0" timestamp="2024-04-06T15:14:49 IST">
  <testcase classname="api.test.DataDriverTests" name="testPostUser" time="3.151"/>
  <testcase classname="api.test.DataDriverTests" name="testPostUser" time="1.18"/>
  <testcase classname="api.test.DataDriverTests" name="testPostUser" time="1.188"/>
  <testcase classname="api.test.DataDriverTests" name="testdeleteUserByUSerNames" time="1.208"/>
  <testcase classname="api.test.DataDriverTests" name="testdeleteUserByUSerNames" time="1.152"/>
  <testcase classname="api.test.DataDriverTests" name="testdeleteUserByUSerNames" time="1.159"/>
</testsuite> <!-- Default test -->
