<?xml version="1.0" encoding="UTF-8"?>
<testng-results ignored="0" total="10" passed="10" failed="0" skipped="0">
  <reporter-output>
  </reporter-output>
  <suite started-at="2024-04-08T14:49:32 IST" name="Surefire suite" finished-at="2024-04-08T14:49:49 IST" duration-ms="16942">
    <groups>
    </groups>
    <test started-at="2024-04-08T14:49:32 IST" name="Surefire test" finished-at="2024-04-08T14:49:49 IST" duration-ms="16942">
      <class name="api.test.DataDriverTests">
        <test-method signature="testPostUser(java.lang.String,java.lang.String,java.lang.String,java.lang.String,java.lang.String,java.lang.String,java.lang.String)[pri:0, instance:api.test.DataDriverTests@73ee04c8]" started-at="2024-04-08T14:49:34 IST" name="testPostUser" data-provider="Data" finished-at="2024-04-08T14:49:37 IST" duration-ms="3142" status="PASS">
          <params>
            <param index="0">
              <value>
                <![CDATA[1010]]>
              </value>
            </param>
            <param index="1">
              <value>
                <![CDATA[testuser1]]>
              </value>
            </param>
            <param index="2">
              <value>
                <![CDATA[John]]>
              </value>
            </param>
            <param index="3">
              <value>
                <![CDATA[Candy]]>
              </value>
            </param>
            <param index="4">
              <value>
                <![CDATA[a@gmail.com]]>
              </value>
            </param>
            <param index="5">
              <value>
                <![CDATA[test@1]]>
              </value>
            </param>
            <param index="6">
              <value>
                <![CDATA[123456789]]>
              </value>
            </param>
          </params>
          <reporter-output>
          </reporter-output>
        </test-method> <!-- testPostUser -->
        <test-method signature="testPostUser(java.lang.String,java.lang.String,java.lang.String,java.lang.String,java.lang.String,java.lang.String,java.lang.String)[pri:0, instance:api.test.DataDriverTests@73ee04c8]" started-at="2024-04-08T14:49:37 IST" name="testPostUser" data-provider="Data" finished-at="2024-04-08T14:49:38 IST" duration-ms="1202" status="PASS">
          <params>
            <param index="0">
              <value>
                <![CDATA[1020]]>
              </value>
            </param>
            <param index="1">
              <value>
                <![CDATA[testuser2]]>
              </value>
            </param>
            <param index="2">
              <value>
                <![CDATA[Kim]]>
              </value>
            </param>
            <param index="3">
              <value>
                <![CDATA[Kom]]>
              </value>
            </param>
            <param index="4">
              <value>
                <![CDATA[b@gmail.com]]>
              </value>
            </param>
            <param index="5">
              <value>
                <![CDATA[test@2]]>
              </value>
            </param>
            <param index="6">
              <value>
                <![CDATA[123456789]]>
              </value>
            </param>
          </params>
          <reporter-output>
          </reporter-output>
        </test-method> <!-- testPostUser -->
        <test-method signature="testPostUser(java.lang.String,java.lang.String,java.lang.String,java.lang.String,java.lang.String,java.lang.String,java.lang.String)[pri:0, instance:api.test.DataDriverTests@73ee04c8]" started-at="2024-04-08T14:49:38 IST" name="testPostUser" data-provider="Data" finished-at="2024-04-08T14:49:39 IST" duration-ms="1198" status="PASS">
          <params>
            <param index="0">
              <value>
                <![CDATA[1030]]>
              </value>
            </param>
            <param index="1">
              <value>
                <![CDATA[testuser3]]>
              </value>
            </param>
            <param index="2">
              <value>
                <![CDATA[Smith]]>
              </value>
            </param>
            <param index="3">
              <value>
                <![CDATA[Steve]]>
              </value>
            </param>
            <param index="4">
              <value>
                <![CDATA[c@gmail.com]]>
              </value>
            </param>
            <param index="5">
              <value>
                <![CDATA[test@3]]>
              </value>
            </param>
            <param index="6">
              <value>
                <![CDATA[123456789]]>
              </value>
            </param>
          </params>
          <reporter-output>
          </reporter-output>
        </test-method> <!-- testPostUser -->
        <test-method signature="testdeleteUserByUSerNames(java.lang.String)[pri:0, instance:api.test.DataDriverTests@73ee04c8]" started-at="2024-04-08T14:49:39 IST" name="testdeleteUserByUSerNames" data-provider="UserNames" finished-at="2024-04-08T14:49:41 IST" duration-ms="1212" status="PASS">
          <params>
            <param index="0">
              <value>
                <![CDATA[testuser1]]>
              </value>
            </param>
          </params>
          <reporter-output>
          </reporter-output>
        </test-method> <!-- testdeleteUserByUSerNames -->
        <test-method signature="testdeleteUserByUSerNames(java.lang.String)[pri:0, instance:api.test.DataDriverTests@73ee04c8]" started-at="2024-04-08T14:49:41 IST" name="testdeleteUserByUSerNames" data-provider="UserNames" finished-at="2024-04-08T14:49:42 IST" duration-ms="1173" status="PASS">
          <params>
            <param index="0">
              <value>
                <![CDATA[testuser2]]>
              </value>
            </param>
          </params>
          <reporter-output>
          </reporter-output>
        </test-method> <!-- testdeleteUserByUSerNames -->
        <test-method signature="testdeleteUserByUSerNames(java.lang.String)[pri:0, instance:api.test.DataDriverTests@73ee04c8]" started-at="2024-04-08T14:49:42 IST" name="testdeleteUserByUSerNames" data-provider="UserNames" finished-at="2024-04-08T14:49:43 IST" duration-ms="1153" status="PASS">
          <params>
            <param index="0">
              <value>
                <![CDATA[testuser3]]>
              </value>
            </param>
          </params>
          <reporter-output>
          </reporter-output>
        </test-method> <!-- testdeleteUserByUSerNames -->
      </class> <!-- api.test.DataDriverTests -->
      <class name="api.test.UserTests">
        <test-method is-config="true" signature="setUpData()[pri:0, instance:api.test.UserTests@193f604a]" started-at="2024-04-08T14:49:43 IST" name="setUpData" finished-at="2024-04-08T14:49:43 IST" duration-ms="172" status="PASS">
          <reporter-output>
          </reporter-output>
        </test-method> <!-- setUpData -->
        <test-method signature="testPostUser()[pri:1, instance:api.test.UserTests@193f604a]" started-at="2024-04-08T14:49:43 IST" name="testPostUser" finished-at="2024-04-08T14:49:44 IST" duration-ms="1171" status="PASS">
          <reporter-output>
          </reporter-output>
        </test-method> <!-- testPostUser -->
        <test-method signature="testGetUserByUsername()[pri:2, instance:api.test.UserTests@193f604a]" started-at="2024-04-08T14:49:44 IST" name="testGetUserByUsername" finished-at="2024-04-08T14:49:45 IST" duration-ms="1169" status="PASS">
          <reporter-output>
          </reporter-output>
        </test-method> <!-- testGetUserByUsername -->
        <test-method signature="testPutUserByUsername()[pri:3, instance:api.test.UserTests@193f604a]" started-at="2024-04-08T14:49:45 IST" name="testPutUserByUsername" finished-at="2024-04-08T14:49:48 IST" duration-ms="2321" status="PASS">
          <reporter-output>
          </reporter-output>
        </test-method> <!-- testPutUserByUsername -->
        <test-method signature="testDeletetUserByUsername()[pri:4, instance:api.test.UserTests@193f604a]" started-at="2024-04-08T14:49:48 IST" name="testDeletetUserByUsername" finished-at="2024-04-08T14:49:49 IST" duration-ms="1200" status="PASS">
          <reporter-output>
          </reporter-output>
        </test-method> <!-- testDeletetUserByUsername -->
      </class> <!-- api.test.UserTests -->
    </test> <!-- Surefire test -->
  </suite> <!-- Surefire suite -->
</testng-results>
