<?xml version="1.0" encoding="UTF-8"?>
<testng-results ignored="0" total="10" passed="10" failed="0" skipped="0">
  <reporter-output>
  </reporter-output>
  <suite started-at="2024-04-08T14:24:26 IST" name="PetSuite" finished-at="2024-04-08T14:24:43 IST" duration-ms="17027">
    <groups>
    </groups>
    <test started-at="2024-04-08T14:24:26 IST" name="PetTests" finished-at="2024-04-08T14:24:43 IST" duration-ms="17027">
      <class name="api.test.DataDriverTests">
        <test-method signature="testPostUser(java.lang.String,java.lang.String,java.lang.String,java.lang.String,java.lang.String,java.lang.String,java.lang.String)[pri:0, instance:api.test.DataDriverTests@6d4d66d2]" started-at="2024-04-08T14:24:35 IST" name="testPostUser" data-provider="Data" finished-at="2024-04-08T14:24:37 IST" duration-ms="1169" status="PASS">
          <params>
            <param index="0">
              <value>
                <![CDATA[1010]]>
              </value>
            </param>
            <param index="1">
              <value>
                <![CDATA[testuser1]]>
              </value>
            </param>
            <param index="2">
              <value>
                <![CDATA[John]]>
              </value>
            </param>
            <param index="3">
              <value>
                <![CDATA[Candy]]>
              </value>
            </param>
            <param index="4">
              <value>
                <![CDATA[a@gmail.com]]>
              </value>
            </param>
            <param index="5">
              <value>
                <![CDATA[test@1]]>
              </value>
            </param>
            <param index="6">
              <value>
                <![CDATA[123456789]]>
              </value>
            </param>
          </params>
          <reporter-output>
          </reporter-output>
        </test-method> <!-- testPostUser -->
        <test-method signature="testPostUser(java.lang.String,java.lang.String,java.lang.String,java.lang.String,java.lang.String,java.lang.String,java.lang.String)[pri:0, instance:api.test.DataDriverTests@6d4d66d2]" started-at="2024-04-08T14:24:37 IST" name="testPostUser" data-provider="Data" finished-at="2024-04-08T14:24:38 IST" duration-ms="1173" status="PASS">
          <params>
            <param index="0">
              <value>
                <![CDATA[1020]]>
              </value>
            </param>
            <param index="1">
              <value>
                <![CDATA[testuser2]]>
              </value>
            </param>
            <param index="2">
              <value>
                <![CDATA[Kim]]>
              </value>
            </param>
            <param index="3">
              <value>
                <![CDATA[Kom]]>
              </value>
            </param>
            <param index="4">
              <value>
                <![CDATA[b@gmail.com]]>
              </value>
            </param>
            <param index="5">
              <value>
                <![CDATA[test@2]]>
              </value>
            </param>
            <param index="6">
              <value>
                <![CDATA[123456789]]>
              </value>
            </param>
          </params>
          <reporter-output>
          </reporter-output>
        </test-method> <!-- testPostUser -->
        <test-method signature="testPostUser(java.lang.String,java.lang.String,java.lang.String,java.lang.String,java.lang.String,java.lang.String,java.lang.String)[pri:0, instance:api.test.DataDriverTests@6d4d66d2]" started-at="2024-04-08T14:24:38 IST" name="testPostUser" data-provider="Data" finished-at="2024-04-08T14:24:39 IST" duration-ms="1169" status="PASS">
          <params>
            <param index="0">
              <value>
                <![CDATA[1030]]>
              </value>
            </param>
            <param index="1">
              <value>
                <![CDATA[testuser3]]>
              </value>
            </param>
            <param index="2">
              <value>
                <![CDATA[Smith]]>
              </value>
            </param>
            <param index="3">
              <value>
                <![CDATA[Steve]]>
              </value>
            </param>
            <param index="4">
              <value>
                <![CDATA[c@gmail.com]]>
              </value>
            </param>
            <param index="5">
              <value>
                <![CDATA[test@3]]>
              </value>
            </param>
            <param index="6">
              <value>
                <![CDATA[123456789]]>
              </value>
            </param>
          </params>
          <reporter-output>
          </reporter-output>
        </test-method> <!-- testPostUser -->
        <test-method signature="testdeleteUserByUSerNames(java.lang.String)[pri:0, instance:api.test.DataDriverTests@6d4d66d2]" started-at="2024-04-08T14:24:39 IST" name="testdeleteUserByUSerNames" data-provider="UserNames" finished-at="2024-04-08T14:24:40 IST" duration-ms="1181" status="PASS">
          <params>
            <param index="0">
              <value>
                <![CDATA[testuser1]]>
              </value>
            </param>
          </params>
          <reporter-output>
          </reporter-output>
        </test-method> <!-- testdeleteUserByUSerNames -->
        <test-method signature="testdeleteUserByUSerNames(java.lang.String)[pri:0, instance:api.test.DataDriverTests@6d4d66d2]" started-at="2024-04-08T14:24:40 IST" name="testdeleteUserByUSerNames" data-provider="UserNames" finished-at="2024-04-08T14:24:41 IST" duration-ms="1161" status="PASS">
          <params>
            <param index="0">
              <value>
                <![CDATA[testuser2]]>
              </value>
            </param>
          </params>
          <reporter-output>
          </reporter-output>
        </test-method> <!-- testdeleteUserByUSerNames -->
        <test-method signature="testdeleteUserByUSerNames(java.lang.String)[pri:0, instance:api.test.DataDriverTests@6d4d66d2]" started-at="2024-04-08T14:24:41 IST" name="testdeleteUserByUSerNames" data-provider="UserNames" finished-at="2024-04-08T14:24:43 IST" duration-ms="1196" status="PASS">
          <params>
            <param index="0">
              <value>
                <![CDATA[testuser3]]>
              </value>
            </param>
          </params>
          <reporter-output>
          </reporter-output>
        </test-method> <!-- testdeleteUserByUSerNames -->
      </class> <!-- api.test.DataDriverTests -->
      <class name="api.test.UserTests">
        <test-method is-config="true" signature="setUpData()[pri:0, instance:api.test.UserTests@46cdf8bd]" started-at="2024-04-08T14:24:26 IST" name="setUpData" finished-at="2024-04-08T14:24:27 IST" duration-ms="708" status="PASS">
          <reporter-output>
          </reporter-output>
        </test-method> <!-- setUpData -->
        <test-method signature="testPostUser()[pri:1, instance:api.test.UserTests@46cdf8bd]" started-at="2024-04-08T14:24:27 IST" name="testPostUser" finished-at="2024-04-08T14:24:30 IST" duration-ms="2994" status="PASS">
          <reporter-output>
          </reporter-output>
        </test-method> <!-- testPostUser -->
        <test-method signature="testGetUserByUsername()[pri:2, instance:api.test.UserTests@46cdf8bd]" started-at="2024-04-08T14:24:30 IST" name="testGetUserByUsername" finished-at="2024-04-08T14:24:31 IST" duration-ms="1208" status="PASS">
          <reporter-output>
          </reporter-output>
        </test-method> <!-- testGetUserByUsername -->
        <test-method signature="testPutUserByUsername()[pri:3, instance:api.test.UserTests@46cdf8bd]" started-at="2024-04-08T14:24:31 IST" name="testPutUserByUsername" finished-at="2024-04-08T14:24:33 IST" duration-ms="2393" status="PASS">
          <reporter-output>
          </reporter-output>
        </test-method> <!-- testPutUserByUsername -->
        <test-method signature="testDeletetUserByUsername()[pri:4, instance:api.test.UserTests@46cdf8bd]" started-at="2024-04-08T14:24:33 IST" name="testDeletetUserByUsername" finished-at="2024-04-08T14:24:34 IST" duration-ms="1186" status="PASS">
          <reporter-output>
          </reporter-output>
        </test-method> <!-- testDeletetUserByUsername -->
      </class> <!-- api.test.UserTests -->
    </test> <!-- PetTests -->
  </suite> <!-- PetSuite -->
</testng-results>
