<?xml version="1.0" encoding="UTF-8"?>
<!-- Generated by org.testng.reporters.JUnitXMLReporter -->
<testsuite ignored="0" hostname="DESKTOP-QOVJ3IM" failures="0" tests="10" name="PetTests" time="17.027" errors="0" timestamp="2024-04-08T14:24:43 IST">
  <testcase classname="api.test.UserTests" name="testPostUser" time="2.994"/>
  <testcase classname="api.test.UserTests" name="testGetUserByUsername" time="1.208"/>
  <testcase classname="api.test.UserTests" name="testPutUserByUsername" time="2.393"/>
  <testcase classname="api.test.UserTests" name="testDeletetUserByUsername" time="1.186"/>
  <testcase classname="api.test.DataDriverTests" name="testPostUser" time="1.169"/>
  <testcase classname="api.test.DataDriverTests" name="testPostUser" time="1.173"/>
  <testcase classname="api.test.DataDriverTests" name="testPostUser" time="1.169"/>
  <testcase classname="api.test.DataDriverTests" name="testdeleteUserByUSerNames" time="1.181"/>
  <testcase classname="api.test.DataDriverTests" name="testdeleteUserByUSerNames" time="1.161"/>
  <testcase classname="api.test.DataDriverTests" name="testdeleteUserByUSerNames" time="1.196"/>
</testsuite> <!-- PetTests -->
